<?xml version="1.0" encoding="UTF-8"?>
<Site BuildName="Linux-g++"
	BuildStamp="20240515-1244-Experimental"
	Name="DesktopLinux"
	Generator="ctest-3.25.1"
	CompilerName="/usr/bin/g++"
	CompilerVersion="12.2.0"
	OSName="Linux"
	Hostname="DesktopLinux"
	OSRelease="6.1.0-21-amd64"
	OSVersion="#1 SMP PREEMPT_DYNAMIC Debian 6.1.90-1 (2024-05-03)"
	OSPlatform="x86_64"
	Is64Bits="1"
	VendorString="AuthenticAMD"
	VendorID="Advanced Micro Devices"
	FamilyID="23"
	ModelID="113"
	ProcessorCacheSize="512"
	NumberOfLogicalCPU="16"
	NumberOfPhysicalCPU="8"
	TotalVirtualMemory="975"
	TotalPhysicalMemory="32039"
	LogicalProcessorsPerPhysical="2"
	ProcessorClockFrequency="4200.23"
	>
	<Testing>
		<StartDateTime>May 15 15:44 MSK</StartDateTime>
		<StartTestTime>1715777042</StartTestTime>
		<TestList/>
		<EndDateTime>May 15 15:44 MSK</EndDateTime>
		<EndTestTime>1715777042</EndTestTime>
		<ElapsedMinutes>0</ElapsedMinutes>
	</Testing>
</Site>
